<?xml version="1.0" encoding="UTF-8"?>
<!-- Generated by org.testng.reporters.JUnitReportReporter -->
<testsuite hostname="LAPTOP-QPCG3B49" failures="0" tests="5" name="com.obsqura.testscripts.ManageLocationTest" time="19.794" errors="0" timestamp="2023-04-27T19:58:34 IST" skipped="0">
  <testcase classname="com.obsqura.testscripts.ManageLocationTest" name="verifyDeleteButtonFunctionalityInManageLocationField" time="3.743"/>
  <system-out/>
  <testcase classname="com.obsqura.testscripts.ManageLocationTest" name="verifyColorofSearchButton" time="3.408"/>
  <system-out/>
  <testcase classname="com.obsqura.testscripts.ManageLocationTest" name="verifyIfSearchButtonisAlignedAfterNewButton" time="3.424"/>
  <system-out/>
  <testcase classname="com.obsqura.testscripts.ManageLocationTest" name="verifyLocationAddingFunctionality" time="4.809"/>
  <system-out/>
  <testcase classname="com.obsqura.testscripts.ManageLocationTest" name="verifyEditButtonFunctionalityInManageLocationField" time="4.410"/>
  <system-out/>
</testsuite> <!-- com.obsqura.testscripts.ManageLocationTest -->
