<?xml version="1.0" encoding="UTF-8"?>
<!-- Generated by org.testng.reporters.JUnitReportReporter -->
<testsuite hostname="LAPTOP-QPCG3B49" failures="0" tests="1" name="com.obsqura.testscripts.ManagePaymentMethodTest" time="7.946" errors="0" timestamp="2023-04-25T23:05:37 IST" skipped="0">
  <testcase classname="com.obsqura.testscripts.ManagePaymentMethodTest" name="verifyEditFunctionalityOfManagePayment" time="7.946"/>
  <system-out/>
</testsuite> <!-- com.obsqura.testscripts.ManagePaymentMethodTest -->
