<?xml version="1.0" encoding="UTF-8"?>
<!-- Generated by org.testng.reporters.JUnitReportReporter -->
<testsuite hostname="LAPTOP-QPCG3B49" failures="0" tests="6" name="com.obsqura.testscripts.LoginTest" time="15.767" errors="0" timestamp="2023-04-17T18:11:58 IST" skipped="0">
  <testcase classname="com.obsqura.testscripts.LoginTest" name="verifyingUsingValidCredentials" time="3.157"/>
  <system-out/>
  <testcase classname="com.obsqura.testscripts.LoginTest" name="verifyingUsingInvalidCredentials" time="2.283"/>
  <system-out/>
  <testcase classname="com.obsqura.testscripts.LoginTest" name="verifyLoginPage" time="3.496"/>
  <system-out/>
  <testcase classname="com.obsqura.testscripts.LoginTest" name="verifyingUsingValidUserNameAndInvalidPassword" time="2.303"/>
  <system-out/>
  <testcase classname="com.obsqura.testscripts.LoginTest" name="verifyLoginPage" time="2.230"/>
  <system-out/>
  <testcase classname="com.obsqura.testscripts.LoginTest" name="verifyLoginPage" time="2.298"/>
  <system-out/>
</testsuite> <!-- com.obsqura.testscripts.LoginTest -->
