<?xml version="1.0" encoding="UTF-8"?>
<!-- Generated by org.testng.reporters.JUnitReportReporter -->
<testsuite hostname="LAPTOP-QPCG3B49" failures="0" tests="4" name="com.obsqura.testscripts.ManageSilderTest" time="16.777" errors="0" timestamp="2023-04-27T19:58:34 IST" skipped="0">
  <testcase classname="com.obsqura.testscripts.ManageSilderTest" name="verifyAddingSliderFunctionality" time="4.452"/>
  <system-out/>
  <testcase classname="com.obsqura.testscripts.ManageSilderTest" name="verifyStatusChangeActiveAndInActiveInManageSlider" time="3.859"/>
  <system-out/>
  <testcase classname="com.obsqura.testscripts.ManageSilderTest" name="verifyDeleteButtonFunctionalityUsingAlert" time="3.998"/>
  <system-out/>
  <testcase classname="com.obsqura.testscripts.ManageSilderTest" name="verifyEditButtonFunctionalityInManageSlider" time="4.468"/>
  <system-out/>
</testsuite> <!-- com.obsqura.testscripts.ManageSilderTest -->
