<?xml version="1.0" encoding="UTF-8"?>
<!-- Generated by org.testng.reporters.JUnitReportReporter -->
<testsuite hostname="LAPTOP-QPCG3B49" failures="0" tests="2" name="com.obsqura.testscripts.ManageUserTest" time="7.387" errors="0" timestamp="2023-04-17T18:11:58 IST" skipped="0">
  <testcase classname="com.obsqura.testscripts.ManageUserTest" name="verifyColorofSearchButton" time="3.507"/>
  <system-out/>
  <testcase classname="com.obsqura.testscripts.ManageUserTest" name="verifyManageUserNavigation" time="3.880"/>
  <system-out/>
</testsuite> <!-- com.obsqura.testscripts.ManageUserTest -->
