<?xml version="1.0" encoding="UTF-8"?>
<!-- Generated by org.testng.reporters.JUnitReportReporter -->
<testsuite hostname="LAPTOP-QPCG3B49" failures="0" tests="2" name="com.obsqura.testscripts.DeliveryBoyTest" time="6.183" errors="0" timestamp="2023-04-17T18:11:58 IST" skipped="0">
  <testcase classname="com.obsqura.testscripts.DeliveryBoyTest" name="verifyFontWeightofSearchButton" time="3.121"/>
  <system-out/>
  <testcase classname="com.obsqura.testscripts.DeliveryBoyTest" name="verifyDeliveryBoyNavigation" time="3.062"/>
  <system-out/>
</testsuite> <!-- com.obsqura.testscripts.DeliveryBoyTest -->
