<?xml version="1.0" encoding="UTF-8"?>
<!-- Generated by org.testng.reporters.JUnitReportReporter -->
<testsuite hostname="LAPTOP-QPCG3B49" failures="0" tests="3" name="com.obsqura.testscripts.AdminUsersTest" time="23.013" errors="0" timestamp="2023-04-24T14:43:49 IST" skipped="0">
  <testcase classname="com.obsqura.testscripts.AdminUsersTest" name="verifyDeleteButtonFunctionalityInAdminUsers" time="5.610"/>
  <system-out/>
  <testcase classname="com.obsqura.testscripts.AdminUsersTest" name="verifyEditFunctionalityOfAdminUsers" time="7.798"/>
  <system-out/>
  <testcase classname="com.obsqura.testscripts.AdminUsersTest" name="verifySaveFunctionalityOfAdminUsers" time="9.605"/>
  <system-out/>
</testsuite> <!-- com.obsqura.testscripts.AdminUsersTest -->
