<?xml version="1.0" encoding="UTF-8"?>
<!-- Generated by org.testng.reporters.JUnitReportReporter -->
<testsuite hostname="LAPTOP-QPCG3B49" failures="0" tests="2" name="com.obsqura.testscripts.PushNotificationTest" time="8.099" errors="0" timestamp="2023-04-17T18:11:58 IST" skipped="0">
  <testcase classname="com.obsqura.testscripts.PushNotificationTest" name="verifyPushNotificationNavigation" time="3.378"/>
  <system-out/>
  <testcase classname="com.obsqura.testscripts.PushNotificationTest" name="enterValueInPushNotification" time="4.721"/>
  <system-out/>
</testsuite> <!-- com.obsqura.testscripts.PushNotificationTest -->
