<?xml version="1.0" encoding="UTF-8"?>
<!-- Generated by org.testng.reporters.JUnitReportReporter -->
<testsuite hostname="LAPTOP-QPCG3B49" failures="0" tests="3" name="com.obsqura.testscripts.ManageSilderTest" time="23.997" errors="0" timestamp="2023-04-23T18:58:48 IST" skipped="0">
  <testcase classname="com.obsqura.testscripts.ManageSilderTest" name="verifyDeleteButtonFunctionalityUsingAlert" time="7.160"/>
  <system-out/>
  <testcase classname="com.obsqura.testscripts.ManageSilderTest" name="verifyAddingSliderFunctionality" time="10.355"/>
  <system-out/>
  <testcase classname="com.obsqura.testscripts.ManageSilderTest" name="verifyEditButtonFunctionalityInManageSlider" time="6.482"/>
  <system-out/>
</testsuite> <!-- com.obsqura.testscripts.ManageSilderTest -->
