<?xml version="1.0" encoding="UTF-8"?>
<!-- Generated by org.testng.reporters.JUnitReportReporter -->
<testsuite hostname="LAPTOP-QPCG3B49" failures="0" tests="4" name="com.obsqura.testscripts.AdminUsersTest" time="21.445" errors="0" timestamp="2023-04-25T22:36:42 IST" skipped="1">
  <testcase classname="com.obsqura.testscripts.AdminUsersTest" name="verifySaveFunctionalityOfAdminUsers" time="4.959"/>
  <system-out/>
  <testcase classname="com.obsqura.testscripts.AdminUsersTest" name="verifyDeleteButtonFunctionalityInAdminUsers" time="4.601"/>
  <system-out/>
  <testcase classname="com.obsqura.testscripts.AdminUsersTest" name="verifyEditFunctionalityOfAdminUsers" time="5.510"/>
  <system-out/>
  <testcase classname="com.obsqura.testscripts.AdminUsersTest" name="verifySaveFunctionalityOfAdminUsers" time="6.375">
    <skipped/>
  </testcase> <!-- verifySaveFunctionalityOfAdminUsers -->
  <system-out/>
</testsuite> <!-- com.obsqura.testscripts.AdminUsersTest -->
