<?xml version="1.0" encoding="UTF-8"?>
<!-- Generated by org.testng.reporters.JUnitReportReporter -->
<testsuite hostname="LAPTOP-QPCG3B49" failures="0" tests="3" name="com.obsqura.testscripts.PushNotificationTest" time="13.635" errors="0" timestamp="2023-04-25T22:30:07 IST" skipped="0">
  <testcase classname="com.obsqura.testscripts.PushNotificationTest" name="verifyEnterValueInPushNotification" time="5.320"/>
  <system-out/>
  <testcase classname="com.obsqura.testscripts.PushNotificationTest" name="verifyPushNotificationNavigation" time="4.848"/>
  <system-out/>
  <testcase classname="com.obsqura.testscripts.PushNotificationTest" name="verifyIfDescriptionisAlignedBelowTitle" time="3.467"/>
  <system-out/>
</testsuite> <!-- com.obsqura.testscripts.PushNotificationTest -->
