<?xml version="1.0" encoding="UTF-8"?>
<!-- Generated by org.testng.reporters.JUnitReportReporter -->
<testsuite hostname="LAPTOP-QPCG3B49" failures="0" tests="1" name="com.obsqura.testscripts.AdminUsersTest" time="11.335" errors="0" timestamp="2023-05-04T10:13:58 IST" skipped="0">
  <testcase classname="com.obsqura.testscripts.AdminUsersTest" name="verifyEditFunctionalityOfAdminUsers" time="11.335"/>
  <system-out/>
</testsuite> <!-- com.obsqura.testscripts.AdminUsersTest -->
