<?xml version="1.0" encoding="UTF-8"?>
<!-- Generated by org.testng.reporters.JUnitReportReporter -->
<testsuite hostname="LAPTOP-QPCG3B49" failures="0" tests="1" name="com.obsqura.testscripts.HomeTest" time="4.961" errors="0" timestamp="2023-04-16T00:43:37 IST" skipped="0">
  <testcase classname="com.obsqura.testscripts.HomeTest" name="verifyManageProduct" time="4.961"/>
  <system-out/>
</testsuite> <!-- com.obsqura.testscripts.HomeTest -->
