<?xml version="1.0" encoding="UTF-8"?>
<!-- Generated by org.testng.reporters.JUnitReportReporter -->
<testsuite hostname="LAPTOP-QPCG3B49" failures="0" tests="3" name="com.obsqura.testscripts.PushNotificationTest" time="17.490" errors="0" timestamp="2023-04-23T14:36:47 IST" skipped="0">
  <testcase classname="com.obsqura.testscripts.PushNotificationTest" name="verifyPushNotificationNavigation" time="5.206"/>
  <system-out/>
  <testcase classname="com.obsqura.testscripts.PushNotificationTest" name="verifyIfDescriptionisAlignedBelowTitle" time="6.462"/>
  <system-out/>
  <testcase classname="com.obsqura.testscripts.PushNotificationTest" name="verifyEnterValueInPushNotification" time="5.822"/>
  <system-out/>
</testsuite> <!-- com.obsqura.testscripts.PushNotificationTest -->
