<?xml version="1.0" encoding="UTF-8"?>
<!-- Generated by org.testng.reporters.JUnitReportReporter -->
<testsuite hostname="LAPTOP-QPCG3B49" failures="0" tests="1" name="com.obsqura.testscripts.DeliveryBoyTest" time="7.114" errors="0" timestamp="2023-04-24T19:44:08 IST" skipped="0">
  <testcase classname="com.obsqura.testscripts.DeliveryBoyTest" name="verifyStatusChangeActiveAndInActive" time="7.114"/>
  <system-out/>
</testsuite> <!-- com.obsqura.testscripts.DeliveryBoyTest -->
