<?xml version="1.0" encoding="UTF-8"?>
<!-- Generated by org.testng.reporters.JUnitReportReporter -->
<testsuite hostname="LAPTOP-QPCG3B49" failures="0" tests="4" name="com.obsqura.testscripts.DeliveryBoyTest" time="21.450" errors="0" timestamp="2023-04-20T17:27:39 IST" skipped="0">
  <testcase classname="com.obsqura.testscripts.DeliveryBoyTest" name="verifyFontWeightofSearchButton" time="4.259"/>
  <system-out/>
  <testcase classname="com.obsqura.testscripts.DeliveryBoyTest" name="verifyDeliveryBoyNavigation" time="5.150"/>
  <system-out/>
  <testcase classname="com.obsqura.testscripts.DeliveryBoyTest" name="verifyDeleteButtonFunctionalityUsingAlert" time="6.501"/>
  <system-out/>
  <testcase classname="com.obsqura.testscripts.DeliveryBoyTest" name="verifyResetButtonFunctionality" time="5.540"/>
  <system-out/>
</testsuite> <!-- com.obsqura.testscripts.DeliveryBoyTest -->
