<?xml version="1.0" encoding="UTF-8"?>
<!-- Generated by org.testng.reporters.JUnitReportReporter -->
<testsuite hostname="LAPTOP-QPCG3B49" failures="0" tests="1" name="com.obsqura.testscripts.ManagePaymentMethodTest" time="7.922" errors="0" timestamp="2023-04-23T20:52:32 IST" skipped="0">
  <testcase classname="com.obsqura.testscripts.ManagePaymentMethodTest" name="verifyEditFunctionalityOfManagePayment" time="7.922"/>
  <system-out/>
</testsuite> <!-- com.obsqura.testscripts.ManagePaymentMethodTest -->
