<?xml version="1.0" encoding="UTF-8"?>
<!-- Generated by org.testng.reporters.JUnitReportReporter -->
<testsuite hostname="LAPTOP-QPCG3B49" failures="0" tests="3" name="com.obsqura.testscripts.ManageProductTest" time="11.486" errors="0" timestamp="2023-04-27T19:58:34 IST" skipped="0">
  <testcase classname="com.obsqura.testscripts.ManageProductTest" name="verifySearchFunctionalityOfManageProduct" time="3.948"/>
  <system-out/>
  <testcase classname="com.obsqura.testscripts.ManageProductTest" name="verifyStatusChangeActiveAndInActiveInManageSlider" time="3.669"/>
  <system-out/>
  <testcase classname="com.obsqura.testscripts.ManageProductTest" name="verifyDeleteFuncionalityOfManageProduct" time="3.869"/>
  <system-out/>
</testsuite> <!-- com.obsqura.testscripts.ManageProductTest -->
