<?xml version="1.0" encoding="UTF-8"?>
<!-- Generated by org.testng.reporters.JUnitReportReporter -->
<testsuite hostname="LAPTOP-QPCG3B49" failures="0" tests="4" name="com.obsqura.SuperMarket.LoginTest" time="11.521" errors="0" timestamp="2023-04-12T21:49:21 IST" skipped="0">
  <testcase classname="com.obsqura.SuperMarket.LoginTest" name="verifyLoginPage" time="2.290"/>
  <system-out/>
  <testcase classname="com.obsqura.SuperMarket.LoginTest" name="verifyLoginPage" time="2.538"/>
  <system-out/>
  <testcase classname="com.obsqura.SuperMarket.LoginTest" name="verifyLoginPage" time="2.556"/>
  <system-out/>
  <testcase classname="com.obsqura.SuperMarket.LoginTest" name="verifyLoginPage" time="4.137"/>
  <system-out/>
</testsuite> <!-- com.obsqura.SuperMarket.LoginTest -->
