<?xml version="1.0" encoding="UTF-8"?>
<!-- Generated by org.testng.reporters.JUnitReportReporter -->
<testsuite hostname="LAPTOP-QPCG3B49" failures="0" tests="6" name="com.obsqura.testscripts.LoginTest" time="15.914" errors="0" timestamp="2023-04-27T19:58:34 IST" skipped="0">
  <testcase classname="com.obsqura.testscripts.LoginTest" name="verifyLoginPage" time="2.098"/>
  <system-out/>
  <testcase classname="com.obsqura.testscripts.LoginTest" name="verifyingUsingValidUserNameAndInvalidPassword" time="4.030"/>
  <system-out/>
  <testcase classname="com.obsqura.testscripts.LoginTest" name="verifyingUsingInvalidCredentials" time="2.323"/>
  <system-out/>
  <testcase classname="com.obsqura.testscripts.LoginTest" name="verifyingUsingValidCredentials" time="2.375"/>
  <system-out/>
  <testcase classname="com.obsqura.testscripts.LoginTest" name="verifyLoginPage" time="2.223"/>
  <system-out/>
  <testcase classname="com.obsqura.testscripts.LoginTest" name="verifyLoginPage" time="2.865"/>
  <system-out/>
</testsuite> <!-- com.obsqura.testscripts.LoginTest -->
