<?xml version="1.0" encoding="UTF-8"?>
<!-- Generated by org.testng.reporters.JUnitReportReporter -->
<testsuite hostname="LAPTOP-QPCG3B49" failures="0" tests="3" name="com.obsqura.testscripts.ManageUserTest" time="13.221" errors="0" timestamp="2023-04-25T22:28:18 IST" skipped="0">
  <testcase classname="com.obsqura.testscripts.ManageUserTest" name="verifyColorofSearchButton" time="4.174"/>
  <system-out/>
  <testcase classname="com.obsqura.testscripts.ManageUserTest" name="verifyStatusChangeActiveAndInActive" time="4.209"/>
  <system-out/>
  <testcase classname="com.obsqura.testscripts.ManageUserTest" name="verifyPasswordShowDetailsFunctionality" time="4.838"/>
  <system-out/>
</testsuite> <!-- com.obsqura.testscripts.ManageUserTest -->
