<?xml version="1.0" encoding="UTF-8"?>
<!-- Generated by org.testng.reporters.JUnitReportReporter -->
<testsuite hostname="LAPTOP-QPCG3B49" failures="0" tests="3" name="com.obsqura.testscripts.ManageProductTest" time="17.043" errors="0" timestamp="2023-04-26T12:26:40 IST" skipped="0">
  <testcase classname="com.obsqura.testscripts.ManageProductTest" name="verifySearchFunctionalityOfManageProduct" time="4.938"/>
  <system-out/>
  <testcase classname="com.obsqura.testscripts.ManageProductTest" name="verifyStatusChangeActiveAndInActiveInManageSlider" time="4.977"/>
  <system-out/>
  <testcase classname="com.obsqura.testscripts.ManageProductTest" name="verifyDeleteFuncionalityOfManageProduct" time="7.128"/>
  <system-out/>
</testsuite> <!-- com.obsqura.testscripts.ManageProductTest -->
