<?xml version="1.0" encoding="UTF-8"?>
<!-- Generated by org.testng.reporters.JUnitReportReporter -->
<testsuite hostname="LAPTOP-QPCG3B49" failures="0" tests="2" name="com.obsqura.testscripts.ManageProductTest" time="10.091" errors="0" timestamp="2023-04-26T08:31:39 IST" skipped="0">
  <testcase classname="com.obsqura.testscripts.ManageProductTest" name="verifyDeleteFuncionalityOfManageProduct" time="4.783"/>
  <system-out/>
  <testcase classname="com.obsqura.testscripts.ManageProductTest" name="verifySearchFunctionalityOfManageProduct" time="5.308"/>
  <system-out/>
</testsuite> <!-- com.obsqura.testscripts.ManageProductTest -->
