<?xml version="1.0" encoding="UTF-8"?>
<!-- Generated by org.testng.reporters.JUnitReportReporter -->
<testsuite hostname="LAPTOP-QPCG3B49" failures="0" tests="2" name="com.obsqura.testscripts.PushNotificationTest" time="10.231" errors="0" timestamp="2023-05-03T14:20:10 IST" skipped="0">
  <testcase classname="com.obsqura.testscripts.PushNotificationTest" name="verifyIfDescriptionisAlignedBelowTitle" time="6.280"/>
  <system-out/>
  <testcase classname="com.obsqura.testscripts.PushNotificationTest" name="verifyPushNotificationNavigation" time="3.951"/>
  <system-out/>
</testsuite> <!-- com.obsqura.testscripts.PushNotificationTest -->
