<?xml version="1.0" encoding="UTF-8"?>
<!-- Generated by org.testng.reporters.JUnitReportReporter -->
<testsuite hostname="LAPTOP-QPCG3B49" failures="0" tests="4" name="com.obsqura.testscripts.DeliveryBoyTest" time="17.254" errors="0" timestamp="2023-04-25T23:12:38 IST" skipped="0">
  <testcase classname="com.obsqura.testscripts.DeliveryBoyTest" name="verifyDeleteButtonFunctionalityUsingAlert" time="4.743"/>
  <system-out/>
  <testcase classname="com.obsqura.testscripts.DeliveryBoyTest" name="verifyPasswordShowDetailsFunctionality" time="5.306"/>
  <system-out/>
  <testcase classname="com.obsqura.testscripts.DeliveryBoyTest" name="verifyFontWeightofSearchButton" time="3.390"/>
  <system-out/>
  <testcase classname="com.obsqura.testscripts.DeliveryBoyTest" name="verifyStatusChangeActiveAndInActive" time="3.815"/>
  <system-out/>
</testsuite> <!-- com.obsqura.testscripts.DeliveryBoyTest -->
