<?xml version="1.0" encoding="UTF-8"?>
<!-- Generated by org.testng.reporters.JUnitReportReporter -->
<testsuite hostname="LAPTOP-QPCG3B49" failures="0" tests="5" name="com.obsqura.testscripts.ManageSilderTest" time="34.574" errors="0" timestamp="2023-04-26T11:18:30 IST" skipped="0">
  <testcase classname="com.obsqura.testscripts.ManageSilderTest" name="verifyEditButtonFunctionalityInManageSlider" time="5.097"/>
  <system-out/>
  <testcase classname="com.obsqura.testscripts.ManageSilderTest" name="verifyAddingSliderFunctionality" time="6.165"/>
  <system-out/>
  <testcase classname="com.obsqura.testscripts.ManageSilderTest" name="verifyImageUploadingInManageSlider" time="12.366"/>
  <system-out/>
  <testcase classname="com.obsqura.testscripts.ManageSilderTest" name="verifyStatusChangeActiveAndInActiveInManageSlider" time="4.762"/>
  <system-out/>
  <testcase classname="com.obsqura.testscripts.ManageSilderTest" name="verifyDeleteButtonFunctionalityUsingAlert" time="6.184"/>
  <system-out/>
</testsuite> <!-- com.obsqura.testscripts.ManageSilderTest -->
