<?xml version="1.0" encoding="UTF-8"?>
<!-- Generated by org.testng.reporters.JUnitReportReporter -->
<testsuite hostname="LAPTOP-QPCG3B49" failures="0" tests="1" name="com.obsqura.testscripts.ManageProductTest" time="6.690" errors="0" timestamp="2023-04-24T21:48:26 IST" skipped="0">
  <testcase classname="com.obsqura.testscripts.ManageProductTest" name="verifySearchFunctionalityOfManageProduct" time="6.690"/>
  <system-out/>
</testsuite> <!-- com.obsqura.testscripts.ManageProductTest -->
