<?xml version="1.0" encoding="UTF-8"?>
<!-- Generated by org.testng.reporters.JUnitReportReporter -->
<testsuite hostname="LAPTOP-QPCG3B49" failures="0" tests="3" name="com.obsqura.testscripts.ManageSilderTest" time="15.033" errors="0" timestamp="2023-04-25T22:32:24 IST" skipped="0">
  <testcase classname="com.obsqura.testscripts.ManageSilderTest" name="verifyEditButtonFunctionalityInManageSlider" time="4.465"/>
  <system-out/>
  <testcase classname="com.obsqura.testscripts.ManageSilderTest" name="verifyAddingSliderFunctionality" time="5.313"/>
  <system-out/>
  <testcase classname="com.obsqura.testscripts.ManageSilderTest" name="verifyDeleteButtonFunctionalityUsingAlert" time="5.255"/>
  <system-out/>
</testsuite> <!-- com.obsqura.testscripts.ManageSilderTest -->
