<?xml version="1.0" encoding="UTF-8"?>
<!-- Generated by org.testng.reporters.JUnitReportReporter -->
<testsuite hostname="LAPTOP-QPCG3B49" failures="0" tests="6" name="com.obsqura.testscripts.DeliveryBoyTest" time="20.965" errors="0" timestamp="2023-04-27T19:58:34 IST" skipped="0">
  <testcase classname="com.obsqura.testscripts.DeliveryBoyTest" name="verifyEditFunctionalityOfDeliveryBoy" time="3.982"/>
  <system-out/>
  <testcase classname="com.obsqura.testscripts.DeliveryBoyTest" name="verifyDeliveryBoySaveFunctionality" time="4.110"/>
  <system-out/>
  <testcase classname="com.obsqura.testscripts.DeliveryBoyTest" name="verifyPasswordShowDetailsFunctionality" time="3.354"/>
  <system-out/>
  <testcase classname="com.obsqura.testscripts.DeliveryBoyTest" name="verifyDeleteButtonFunctionalityUsingAlert" time="3.311"/>
  <system-out/>
  <testcase classname="com.obsqura.testscripts.DeliveryBoyTest" name="verifyFontWeightofSearchButton" time="2.903"/>
  <system-out/>
  <testcase classname="com.obsqura.testscripts.DeliveryBoyTest" name="verifyStatusChangeActiveAndInActive" time="3.305"/>
  <system-out/>
</testsuite> <!-- com.obsqura.testscripts.DeliveryBoyTest -->
