<?xml version="1.0" encoding="UTF-8"?>
<!-- Generated by org.testng.reporters.JUnitReportReporter -->
<testsuite hostname="LAPTOP-QPCG3B49" failures="0" tests="1" name="com.obsqura.SuperMarket.Base" time="3.236" errors="0" timestamp="2023-04-10T14:04:19 IST" skipped="0">
  <testcase classname="com.obsqura.SuperMarket.Base" name="verifyTest" time="3.236"/>
  <system-out/>
</testsuite> <!-- com.obsqura.SuperMarket.Base -->
