<?xml version="1.0" encoding="UTF-8"?>
<!-- Generated by org.testng.reporters.JUnitReportReporter -->
<testsuite hostname="LAPTOP-QPCG3B49" failures="0" tests="5" name="com.obsqura.testscripts.ManageLocationTest" time="22.994" errors="0" timestamp="2023-04-25T22:19:35 IST" skipped="0">
  <testcase classname="com.obsqura.testscripts.ManageLocationTest" name="verifyLocationAddingFunctionality" time="4.885"/>
  <system-out/>
  <testcase classname="com.obsqura.testscripts.ManageLocationTest" name="verifyColorofSearchButton" time="4.532"/>
  <system-out/>
  <testcase classname="com.obsqura.testscripts.ManageLocationTest" name="verifyDeleteButtonFunctionalityInManageLocationField" time="5.092"/>
  <system-out/>
  <testcase classname="com.obsqura.testscripts.ManageLocationTest" name="verifyIfSearchButtonisAlignedAfterNewButton" time="3.540"/>
  <system-out/>
  <testcase classname="com.obsqura.testscripts.ManageLocationTest" name="verifyEditButtonFunctionalityInManageLocationField" time="4.945"/>
  <system-out/>
</testsuite> <!-- com.obsqura.testscripts.ManageLocationTest -->
