<?xml version="1.0" encoding="UTF-8"?>
<!-- Generated by org.testng.reporters.JUnitReportReporter -->
<testsuite hostname="LAPTOP-QPCG3B49" failures="0" tests="6" name="com.obsqura.testscripts.DeliveryBoyTest" time="27.544" errors="0" timestamp="2023-04-26T10:33:47 IST" skipped="0">
  <testcase classname="com.obsqura.testscripts.DeliveryBoyTest" name="verifyDeliveryBoySaveFunctionality" time="5.132"/>
  <system-out/>
  <testcase classname="com.obsqura.testscripts.DeliveryBoyTest" name="verifyDeleteButtonFunctionalityUsingAlert" time="4.837"/>
  <system-out/>
  <testcase classname="com.obsqura.testscripts.DeliveryBoyTest" name="verifyStatusChangeActiveAndInActive" time="3.972"/>
  <system-out/>
  <testcase classname="com.obsqura.testscripts.DeliveryBoyTest" name="verifyFontWeightofSearchButton" time="4.756"/>
  <system-out/>
  <testcase classname="com.obsqura.testscripts.DeliveryBoyTest" name="verifyPasswordShowDetailsFunctionality" time="3.894"/>
  <system-out/>
  <testcase classname="com.obsqura.testscripts.DeliveryBoyTest" name="verifyEditFunctionalityOfDeliveryBoy" time="4.953"/>
  <system-out/>
</testsuite> <!-- com.obsqura.testscripts.DeliveryBoyTest -->
