<?xml version="1.0" encoding="UTF-8"?>
<!-- Generated by org.testng.reporters.JUnitReportReporter -->
<testsuite hostname="LAPTOP-QPCG3B49" failures="0" tests="6" name="com.obsqura.testscripts.LoginTest" time="24.067" errors="0" timestamp="2023-04-20T07:43:36 IST" skipped="0">
  <testcase classname="com.obsqura.testscripts.LoginTest" name="verifyLoginPage" time="3.379"/>
  <system-out/>
  <testcase classname="com.obsqura.testscripts.LoginTest" name="verifyLoginPage" time="3.321"/>
  <system-out/>
  <testcase classname="com.obsqura.testscripts.LoginTest" name="verifyLoginPage" time="5.557"/>
  <system-out/>
  <testcase classname="com.obsqura.testscripts.LoginTest" name="verifyingUsingValidUserNameAndInvalidPassword" time="3.499"/>
  <system-out/>
  <testcase classname="com.obsqura.testscripts.LoginTest" name="verifyingUsingInvalidCredentials" time="3.461"/>
  <system-out/>
  <testcase classname="com.obsqura.testscripts.LoginTest" name="verifyingUsingValidCredentials" time="4.850"/>
  <system-out/>
</testsuite> <!-- com.obsqura.testscripts.LoginTest -->
