<?xml version="1.0" encoding="UTF-8"?>
<!-- Generated by org.testng.reporters.JUnitReportReporter -->
<testsuite hostname="LAPTOP-QPCG3B49" failures="0" tests="3" name="com.obsqura.SuperMarket.HomeTest" time="10.969" errors="0" timestamp="2023-04-13T10:10:10 IST" skipped="0">
  <testcase classname="com.obsqura.SuperMarket.HomeTest" name="verifyDeliveryBoy" time="3.328"/>
  <system-out/>
  <testcase classname="com.obsqura.SuperMarket.HomeTest" name="verifyManagePages" time="3.326"/>
  <system-out/>
  <testcase classname="com.obsqura.SuperMarket.HomeTest" name="verifyFontWeightofSearchButton" time="4.315"/>
  <system-out/>
</testsuite> <!-- com.obsqura.SuperMarket.HomeTest -->
