<?xml version="1.0" encoding="UTF-8"?>
<!-- Generated by org.testng.reporters.JUnitReportReporter -->
<testsuite hostname="LAPTOP-QPCG3B49" failures="0" tests="1" name="com.obsqura.testscripts.ManageUserTest" time="9.313" errors="0" timestamp="2023-04-24T19:50:03 IST" skipped="0">
  <testcase classname="com.obsqura.testscripts.ManageUserTest" name="verifyStatusChangeActiveAndInActive" time="9.313"/>
  <system-out/>
</testsuite> <!-- com.obsqura.testscripts.ManageUserTest -->
