<?xml version="1.0" encoding="UTF-8"?>
<!-- Generated by org.testng.reporters.JUnitReportReporter -->
<testsuite hostname="LAPTOP-QPCG3B49" failures="0" tests="2" name="com.obsqura.testscripts.ManageUserTest" time="10.975" errors="0" timestamp="2023-04-23T23:09:00 IST" skipped="0">
  <testcase classname="com.obsqura.testscripts.ManageUserTest" name="verifyColorofSearchButton" time="4.458"/>
  <system-out/>
  <testcase classname="com.obsqura.testscripts.ManageUserTest" name="verifyPasswordShowDetailsFunctionality" time="6.517"/>
  <system-out/>
</testsuite> <!-- com.obsqura.testscripts.ManageUserTest -->
