<?xml version="1.0" encoding="UTF-8"?>
<!-- Generated by org.testng.reporters.JUnitReportReporter -->
<testsuite hostname="LAPTOP-QPCG3B49" failures="0" tests="3" name="com.obsqura.testscripts.ManageUserTest" time="10.223" errors="0" timestamp="2023-04-27T19:58:34 IST" skipped="0">
  <testcase classname="com.obsqura.testscripts.ManageUserTest" name="verifyPasswordShowDetailsFunctionality" time="3.299"/>
  <system-out/>
  <testcase classname="com.obsqura.testscripts.ManageUserTest" name="verifyColorofSearchButton" time="3.396"/>
  <system-out/>
  <testcase classname="com.obsqura.testscripts.ManageUserTest" name="verifyStatusChangeActiveAndInActive" time="3.528"/>
  <system-out/>
</testsuite> <!-- com.obsqura.testscripts.ManageUserTest -->
